Grammar

    0 $accept: Program $end

    1 Program: ExtDefList

    2 ExtDefList: ExtDef ExtDefList
    3           | %empty

    4 ExtDef: Specifier ExtDecList SEMI
    5       | Specifier SEMI
    6       | Specifier FunDec CompSt
    7       | error SEMI

    8 ExtDecList: VarDec
    9           | VarDec COMMA ExtDecList

   10 Specifier: TYPE
   11          | StructSpecifier

   12 StructSpecifier: STRUCT OptTag LC DefList RC
   13                | STRUCT Tag

   14 OptTag: ID
   15       | %empty

   16 Tag: ID

   17 VarDec: ID
   18       | VarDec LB INT RB
   19       | VarDec LB error RB

   20 FunDec: ID LP VarList RP
   21       | ID LP RP
   22       | error RP

   23 VarList: ParamDec COMMA VarList
   24        | ParamDec

   25 ParamDec: Specifier VarDec
   26         | error COMMA
   27         | error RP

   28 CompSt: LC DefList StmtList RC
   29       | LC error RC

   30 StmtList: Stmt StmtList
   31         | %empty

   32 Stmt: Exp SEMI
   33     | CompSt
   34     | RETURN Exp SEMI
   35     | IF LP Exp RP Stmt
   36     | IF LP Exp RP Stmt ELSE Stmt
   37     | IF LP Exp RP error ELSE Stmt
   38     | WHILE LP Exp RP Stmt

   39 DefList: Def DefList
   40        | %empty

   41 Def: Specifier DecList SEMI
   42    | error SEMI

   43 DecList: Dec
   44        | Dec COMMA DecList

   45 Dec: VarDec
   46    | VarDec ASSIGNOP Exp

   47 Exp: Exp ASSIGNOP Exp
   48    | Exp AND Exp
   49    | Exp OR Exp
   50    | Exp RELOP Exp
   51    | Exp PLUS Exp
   52    | Exp MINUS Exp
   53    | Exp STAR Exp
   54    | Exp DIV Exp
   55    | LP Exp RP
   56    | LP error RP
   57    | MINUS Exp
   58    | NOT Exp
   59    | ID LP Args RP
   60    | ID LP error RP
   61    | ID LP RP
   62    | Exp LB Exp RB
   63    | Exp LB error RB
   64    | Exp DOT ID
   65    | ID
   66    | INT
   67    | FLOAT

   68 Args: Exp COMMA Args
   69     | Exp


Terminals, with rules where they appear

$end (0) 0
error (256) 7 19 22 26 27 29 37 42 56 60 63
INT (258) 18 66
FLOAT (259) 67
ID (260) 14 16 17 20 21 59 60 61 64 65
PLUS (261) 51
MINUS (262) 52 57
STAR (263) 53
DIV (264) 54
DOT (265) 64
SEMI (266) 4 5 7 32 34 41 42
COMMA (267) 9 23 26 44 68
ASSIGNOP (268) 46 47
RELOP (269) 50
AND (270) 48
OR (271) 49
NOT (272) 58
LP (273) 20 21 35 36 37 38 55 56 59 60 61
RP (274) 20 21 22 27 35 36 37 38 55 56 59 60 61
LB (275) 18 19 62 63
RB (276) 18 19 62 63
LC (277) 12 28 29
RC (278) 12 28 29
IF (279) 35 36 37
ELSE (280) 36 37
WHILE (281) 38
STRUCT (282) 12 13
RETURN (283) 34
TYPE (284) 10
LOWER_THAN_ELSE (285)


Nonterminals, with rules where they appear

$accept (31)
    on left: 0
Program (32)
    on left: 1, on right: 0
ExtDefList (33)
    on left: 2 3, on right: 1 2
ExtDef (34)
    on left: 4 5 6 7, on right: 2
ExtDecList (35)
    on left: 8 9, on right: 4 9
Specifier (36)
    on left: 10 11, on right: 4 5 6 25 41
StructSpecifier (37)
    on left: 12 13, on right: 11
OptTag (38)
    on left: 14 15, on right: 12
Tag (39)
    on left: 16, on right: 13
VarDec (40)
    on left: 17 18 19, on right: 8 9 18 19 25 45 46
FunDec (41)
    on left: 20 21 22, on right: 6
VarList (42)
    on left: 23 24, on right: 20 23
ParamDec (43)
    on left: 25 26 27, on right: 23 24
CompSt (44)
    on left: 28 29, on right: 6 33
StmtList (45)
    on left: 30 31, on right: 28 30
Stmt (46)
    on left: 32 33 34 35 36 37 38, on right: 30 35 36 37 38
DefList (47)
    on left: 39 40, on right: 12 28 39
Def (48)
    on left: 41 42, on right: 39
DecList (49)
    on left: 43 44, on right: 41 44
Dec (50)
    on left: 45 46, on right: 43 44
Exp (51)
    on left: 47 48 49 50 51 52 53 54 55 56 57 58 59 60 61 62 63 64
    65 66 67, on right: 32 34 35 36 37 38 46 47 48 49 50 51 52 53 54
    55 57 58 62 63 64 68 69
Args (52)
    on left: 68 69, on right: 59 68


State 0

    0 $accept: . Program $end

    error   shift, and go to state 1
    STRUCT  shift, and go to state 2
    TYPE    shift, and go to state 3

    $end  reduce using rule 3 (ExtDefList)

    Program          go to state 4
    ExtDefList       go to state 5
    ExtDef           go to state 6
    Specifier        go to state 7
    StructSpecifier  go to state 8


State 1

    7 ExtDef: error . SEMI

    SEMI  shift, and go to state 9


State 2

   12 StructSpecifier: STRUCT . OptTag LC DefList RC
   13                | STRUCT . Tag

    ID  shift, and go to state 10

    $default  reduce using rule 15 (OptTag)

    OptTag  go to state 11
    Tag     go to state 12


State 3

   10 Specifier: TYPE .

    $default  reduce using rule 10 (Specifier)


State 4

    0 $accept: Program . $end

    $end  shift, and go to state 13


State 5

    1 Program: ExtDefList .

    $default  reduce using rule 1 (Program)


State 6

    2 ExtDefList: ExtDef . ExtDefList

    error   shift, and go to state 1
    STRUCT  shift, and go to state 2
    TYPE    shift, and go to state 3

    $end  reduce using rule 3 (ExtDefList)

    ExtDefList       go to state 14
    ExtDef           go to state 6
    Specifier        go to state 7
    StructSpecifier  go to state 8


State 7

    4 ExtDef: Specifier . ExtDecList SEMI
    5       | Specifier . SEMI
    6       | Specifier . FunDec CompSt

    error  shift, and go to state 15
    ID     shift, and go to state 16
    SEMI   shift, and go to state 17

    ExtDecList  go to state 18
    VarDec      go to state 19
    FunDec      go to state 20


State 8

   11 Specifier: StructSpecifier .

    $default  reduce using rule 11 (Specifier)


State 9

    7 ExtDef: error SEMI .

    $default  reduce using rule 7 (ExtDef)


State 10

   14 OptTag: ID .
   16 Tag: ID .

    LC        reduce using rule 14 (OptTag)
    $default  reduce using rule 16 (Tag)


State 11

   12 StructSpecifier: STRUCT OptTag . LC DefList RC

    LC  shift, and go to state 21


State 12

   13 StructSpecifier: STRUCT Tag .

    $default  reduce using rule 13 (StructSpecifier)


State 13

    0 $accept: Program $end .

    $default  accept


State 14

    2 ExtDefList: ExtDef ExtDefList .

    $default  reduce using rule 2 (ExtDefList)


State 15

   22 FunDec: error . RP

    RP  shift, and go to state 22


State 16

   17 VarDec: ID .
   20 FunDec: ID . LP VarList RP
   21       | ID . LP RP

    LP  shift, and go to state 23

    $default  reduce using rule 17 (VarDec)


State 17

    5 ExtDef: Specifier SEMI .

    $default  reduce using rule 5 (ExtDef)


State 18

    4 ExtDef: Specifier ExtDecList . SEMI

    SEMI  shift, and go to state 24


State 19

    8 ExtDecList: VarDec .
    9           | VarDec . COMMA ExtDecList
   18 VarDec: VarDec . LB INT RB
   19       | VarDec . LB error RB

    COMMA  shift, and go to state 25
    LB     shift, and go to state 26

    $default  reduce using rule 8 (ExtDecList)


State 20

    6 ExtDef: Specifier FunDec . CompSt

    LC  shift, and go to state 27

    CompSt  go to state 28


State 21

   12 StructSpecifier: STRUCT OptTag LC . DefList RC

    error   shift, and go to state 29
    STRUCT  shift, and go to state 2
    TYPE    shift, and go to state 3

    RC  reduce using rule 40 (DefList)

    Specifier        go to state 30
    StructSpecifier  go to state 8
    DefList          go to state 31
    Def              go to state 32


State 22

   22 FunDec: error RP .

    $default  reduce using rule 22 (FunDec)


State 23

   20 FunDec: ID LP . VarList RP
   21       | ID LP . RP

    error   shift, and go to state 33
    RP      shift, and go to state 34
    STRUCT  shift, and go to state 2
    TYPE    shift, and go to state 3

    Specifier        go to state 35
    StructSpecifier  go to state 8
    VarList          go to state 36
    ParamDec         go to state 37


State 24

    4 ExtDef: Specifier ExtDecList SEMI .

    $default  reduce using rule 4 (ExtDef)


State 25

    9 ExtDecList: VarDec COMMA . ExtDecList

    ID  shift, and go to state 38

    ExtDecList  go to state 39
    VarDec      go to state 19


State 26

   18 VarDec: VarDec LB . INT RB
   19       | VarDec LB . error RB

    error  shift, and go to state 40
    INT    shift, and go to state 41


State 27

   28 CompSt: LC . DefList StmtList RC
   29       | LC . error RC

    error   shift, and go to state 42
    STRUCT  shift, and go to state 2
    TYPE    shift, and go to state 3

    INT     reduce using rule 40 (DefList)
    FLOAT   reduce using rule 40 (DefList)
    ID      reduce using rule 40 (DefList)
    MINUS   reduce using rule 40 (DefList)
    NOT     reduce using rule 40 (DefList)
    LP      reduce using rule 40 (DefList)
    LC      reduce using rule 40 (DefList)
    RC      reduce using rule 40 (DefList)
    IF      reduce using rule 40 (DefList)
    WHILE   reduce using rule 40 (DefList)
    RETURN  reduce using rule 40 (DefList)

    Specifier        go to state 30
    StructSpecifier  go to state 8
    DefList          go to state 43
    Def              go to state 32


State 28

    6 ExtDef: Specifier FunDec CompSt .

    $default  reduce using rule 6 (ExtDef)


State 29

   42 Def: error . SEMI

    SEMI  shift, and go to state 44


State 30

   41 Def: Specifier . DecList SEMI

    ID  shift, and go to state 38

    VarDec   go to state 45
    DecList  go to state 46
    Dec      go to state 47


State 31

   12 StructSpecifier: STRUCT OptTag LC DefList . RC

    RC  shift, and go to state 48


State 32

   39 DefList: Def . DefList

    error   shift, and go to state 29
    STRUCT  shift, and go to state 2
    TYPE    shift, and go to state 3

    INT     reduce using rule 40 (DefList)
    FLOAT   reduce using rule 40 (DefList)
    ID      reduce using rule 40 (DefList)
    MINUS   reduce using rule 40 (DefList)
    NOT     reduce using rule 40 (DefList)
    LP      reduce using rule 40 (DefList)
    LC      reduce using rule 40 (DefList)
    RC      reduce using rule 40 (DefList)
    IF      reduce using rule 40 (DefList)
    WHILE   reduce using rule 40 (DefList)
    RETURN  reduce using rule 40 (DefList)

    Specifier        go to state 30
    StructSpecifier  go to state 8
    DefList          go to state 49
    Def              go to state 32


State 33

   26 ParamDec: error . COMMA
   27         | error . RP

    COMMA  shift, and go to state 50
    RP     shift, and go to state 51


State 34

   21 FunDec: ID LP RP .

    $default  reduce using rule 21 (FunDec)


State 35

   25 ParamDec: Specifier . VarDec

    ID  shift, and go to state 38

    VarDec  go to state 52


State 36

   20 FunDec: ID LP VarList . RP

    RP  shift, and go to state 53


State 37

   23 VarList: ParamDec . COMMA VarList
   24        | ParamDec .

    COMMA  shift, and go to state 54

    $default  reduce using rule 24 (VarList)


State 38

   17 VarDec: ID .

    $default  reduce using rule 17 (VarDec)


State 39

    9 ExtDecList: VarDec COMMA ExtDecList .

    $default  reduce using rule 9 (ExtDecList)


State 40

   19 VarDec: VarDec LB error . RB

    RB  shift, and go to state 55


State 41

   18 VarDec: VarDec LB INT . RB

    RB  shift, and go to state 56


State 42

   29 CompSt: LC error . RC
   42 Def: error . SEMI

    SEMI  shift, and go to state 44
    RC    shift, and go to state 57


State 43

   28 CompSt: LC DefList . StmtList RC

    INT     shift, and go to state 58
    FLOAT   shift, and go to state 59
    ID      shift, and go to state 60
    MINUS   shift, and go to state 61
    NOT     shift, and go to state 62
    LP      shift, and go to state 63
    LC      shift, and go to state 27
    IF      shift, and go to state 64
    WHILE   shift, and go to state 65
    RETURN  shift, and go to state 66

    $default  reduce using rule 31 (StmtList)

    CompSt    go to state 67
    StmtList  go to state 68
    Stmt      go to state 69
    Exp       go to state 70


State 44

   42 Def: error SEMI .

    $default  reduce using rule 42 (Def)


State 45

   18 VarDec: VarDec . LB INT RB
   19       | VarDec . LB error RB
   45 Dec: VarDec .
   46    | VarDec . ASSIGNOP Exp

    ASSIGNOP  shift, and go to state 71
    LB        shift, and go to state 26

    $default  reduce using rule 45 (Dec)


State 46

   41 Def: Specifier DecList . SEMI

    SEMI  shift, and go to state 72


State 47

   43 DecList: Dec .
   44        | Dec . COMMA DecList

    COMMA  shift, and go to state 73

    $default  reduce using rule 43 (DecList)


State 48

   12 StructSpecifier: STRUCT OptTag LC DefList RC .

    $default  reduce using rule 12 (StructSpecifier)


State 49

   39 DefList: Def DefList .

    $default  reduce using rule 39 (DefList)


State 50

   26 ParamDec: error COMMA .

    $default  reduce using rule 26 (ParamDec)


State 51

   27 ParamDec: error RP .

    $default  reduce using rule 27 (ParamDec)


State 52

   18 VarDec: VarDec . LB INT RB
   19       | VarDec . LB error RB
   25 ParamDec: Specifier VarDec .

    LB  shift, and go to state 26

    $default  reduce using rule 25 (ParamDec)


State 53

   20 FunDec: ID LP VarList RP .

    $default  reduce using rule 20 (FunDec)


State 54

   23 VarList: ParamDec COMMA . VarList

    error   shift, and go to state 33
    STRUCT  shift, and go to state 2
    TYPE    shift, and go to state 3

    Specifier        go to state 35
    StructSpecifier  go to state 8
    VarList          go to state 74
    ParamDec         go to state 37


State 55

   19 VarDec: VarDec LB error RB .

    $default  reduce using rule 19 (VarDec)


State 56

   18 VarDec: VarDec LB INT RB .

    $default  reduce using rule 18 (VarDec)


State 57

   29 CompSt: LC error RC .

    $default  reduce using rule 29 (CompSt)


State 58

   66 Exp: INT .

    $default  reduce using rule 66 (Exp)


State 59

   67 Exp: FLOAT .

    $default  reduce using rule 67 (Exp)


State 60

   59 Exp: ID . LP Args RP
   60    | ID . LP error RP
   61    | ID . LP RP
   65    | ID .

    LP  shift, and go to state 75

    $default  reduce using rule 65 (Exp)


State 61

   57 Exp: MINUS . Exp

    INT    shift, and go to state 58
    FLOAT  shift, and go to state 59
    ID     shift, and go to state 60
    MINUS  shift, and go to state 61
    NOT    shift, and go to state 62
    LP     shift, and go to state 63

    Exp  go to state 76


State 62

   58 Exp: NOT . Exp

    INT    shift, and go to state 58
    FLOAT  shift, and go to state 59
    ID     shift, and go to state 60
    MINUS  shift, and go to state 61
    NOT    shift, and go to state 62
    LP     shift, and go to state 63

    Exp  go to state 77


State 63

   55 Exp: LP . Exp RP
   56    | LP . error RP

    error  shift, and go to state 78
    INT    shift, and go to state 58
    FLOAT  shift, and go to state 59
    ID     shift, and go to state 60
    MINUS  shift, and go to state 61
    NOT    shift, and go to state 62
    LP     shift, and go to state 63

    Exp  go to state 79


State 64

   35 Stmt: IF . LP Exp RP Stmt
   36     | IF . LP Exp RP Stmt ELSE Stmt
   37     | IF . LP Exp RP error ELSE Stmt

    LP  shift, and go to state 80


State 65

   38 Stmt: WHILE . LP Exp RP Stmt

    LP  shift, and go to state 81


State 66

   34 Stmt: RETURN . Exp SEMI

    INT    shift, and go to state 58
    FLOAT  shift, and go to state 59
    ID     shift, and go to state 60
    MINUS  shift, and go to state 61
    NOT    shift, and go to state 62
    LP     shift, and go to state 63

    Exp  go to state 82


State 67

   33 Stmt: CompSt .

    $default  reduce using rule 33 (Stmt)


State 68

   28 CompSt: LC DefList StmtList . RC

    RC  shift, and go to state 83


State 69

   30 StmtList: Stmt . StmtList

    INT     shift, and go to state 58
    FLOAT   shift, and go to state 59
    ID      shift, and go to state 60
    MINUS   shift, and go to state 61
    NOT     shift, and go to state 62
    LP      shift, and go to state 63
    LC      shift, and go to state 27
    IF      shift, and go to state 64
    WHILE   shift, and go to state 65
    RETURN  shift, and go to state 66

    $default  reduce using rule 31 (StmtList)

    CompSt    go to state 67
    StmtList  go to state 84
    Stmt      go to state 69
    Exp       go to state 70


State 70

   32 Stmt: Exp . SEMI
   47 Exp: Exp . ASSIGNOP Exp
   48    | Exp . AND Exp
   49    | Exp . OR Exp
   50    | Exp . RELOP Exp
   51    | Exp . PLUS Exp
   52    | Exp . MINUS Exp
   53    | Exp . STAR Exp
   54    | Exp . DIV Exp
   62    | Exp . LB Exp RB
   63    | Exp . LB error RB
   64    | Exp . DOT ID

    PLUS      shift, and go to state 85
    MINUS     shift, and go to state 86
    STAR      shift, and go to state 87
    DIV       shift, and go to state 88
    DOT       shift, and go to state 89
    SEMI      shift, and go to state 90
    ASSIGNOP  shift, and go to state 91
    RELOP     shift, and go to state 92
    AND       shift, and go to state 93
    OR        shift, and go to state 94
    LB        shift, and go to state 95


State 71

   46 Dec: VarDec ASSIGNOP . Exp

    INT    shift, and go to state 58
    FLOAT  shift, and go to state 59
    ID     shift, and go to state 60
    MINUS  shift, and go to state 61
    NOT    shift, and go to state 62
    LP     shift, and go to state 63

    Exp  go to state 96


State 72

   41 Def: Specifier DecList SEMI .

    $default  reduce using rule 41 (Def)


State 73

   44 DecList: Dec COMMA . DecList

    ID  shift, and go to state 38

    VarDec   go to state 45
    DecList  go to state 97
    Dec      go to state 47


State 74

   23 VarList: ParamDec COMMA VarList .

    $default  reduce using rule 23 (VarList)


State 75

   59 Exp: ID LP . Args RP
   60    | ID LP . error RP
   61    | ID LP . RP

    error  shift, and go to state 98
    INT    shift, and go to state 58
    FLOAT  shift, and go to state 59
    ID     shift, and go to state 60
    MINUS  shift, and go to state 61
    NOT    shift, and go to state 62
    LP     shift, and go to state 63
    RP     shift, and go to state 99

    Exp   go to state 100
    Args  go to state 101


State 76

   47 Exp: Exp . ASSIGNOP Exp
   48    | Exp . AND Exp
   49    | Exp . OR Exp
   50    | Exp . RELOP Exp
   51    | Exp . PLUS Exp
   52    | Exp . MINUS Exp
   53    | Exp . STAR Exp
   54    | Exp . DIV Exp
   57    | MINUS Exp .
   62    | Exp . LB Exp RB
   63    | Exp . LB error RB
   64    | Exp . DOT ID

    STAR  shift, and go to state 87
    DIV   shift, and go to state 88
    DOT   shift, and go to state 89
    LB    shift, and go to state 95

    $default  reduce using rule 57 (Exp)


State 77

   47 Exp: Exp . ASSIGNOP Exp
   48    | Exp . AND Exp
   49    | Exp . OR Exp
   50    | Exp . RELOP Exp
   51    | Exp . PLUS Exp
   52    | Exp . MINUS Exp
   53    | Exp . STAR Exp
   54    | Exp . DIV Exp
   58    | NOT Exp .
   62    | Exp . LB Exp RB
   63    | Exp . LB error RB
   64    | Exp . DOT ID

    DOT  shift, and go to state 89
    LB   shift, and go to state 95

    $default  reduce using rule 58 (Exp)


State 78

   56 Exp: LP error . RP

    RP  shift, and go to state 102


State 79

   47 Exp: Exp . ASSIGNOP Exp
   48    | Exp . AND Exp
   49    | Exp . OR Exp
   50    | Exp . RELOP Exp
   51    | Exp . PLUS Exp
   52    | Exp . MINUS Exp
   53    | Exp . STAR Exp
   54    | Exp . DIV Exp
   55    | LP Exp . RP
   62    | Exp . LB Exp RB
   63    | Exp . LB error RB
   64    | Exp . DOT ID

    PLUS      shift, and go to state 85
    MINUS     shift, and go to state 86
    STAR      shift, and go to state 87
    DIV       shift, and go to state 88
    DOT       shift, and go to state 89
    ASSIGNOP  shift, and go to state 91
    RELOP     shift, and go to state 92
    AND       shift, and go to state 93
    OR        shift, and go to state 94
    RP        shift, and go to state 103
    LB        shift, and go to state 95


State 80

   35 Stmt: IF LP . Exp RP Stmt
   36     | IF LP . Exp RP Stmt ELSE Stmt
   37     | IF LP . Exp RP error ELSE Stmt

    INT    shift, and go to state 58
    FLOAT  shift, and go to state 59
    ID     shift, and go to state 60
    MINUS  shift, and go to state 61
    NOT    shift, and go to state 62
    LP     shift, and go to state 63

    Exp  go to state 104


State 81

   38 Stmt: WHILE LP . Exp RP Stmt

    INT    shift, and go to state 58
    FLOAT  shift, and go to state 59
    ID     shift, and go to state 60
    MINUS  shift, and go to state 61
    NOT    shift, and go to state 62
    LP     shift, and go to state 63

    Exp  go to state 105


State 82

   34 Stmt: RETURN Exp . SEMI
   47 Exp: Exp . ASSIGNOP Exp
   48    | Exp . AND Exp
   49    | Exp . OR Exp
   50    | Exp . RELOP Exp
   51    | Exp . PLUS Exp
   52    | Exp . MINUS Exp
   53    | Exp . STAR Exp
   54    | Exp . DIV Exp
   62    | Exp . LB Exp RB
   63    | Exp . LB error RB
   64    | Exp . DOT ID

    PLUS      shift, and go to state 85
    MINUS     shift, and go to state 86
    STAR      shift, and go to state 87
    DIV       shift, and go to state 88
    DOT       shift, and go to state 89
    SEMI      shift, and go to state 106
    ASSIGNOP  shift, and go to state 91
    RELOP     shift, and go to state 92
    AND       shift, and go to state 93
    OR        shift, and go to state 94
    LB        shift, and go to state 95


State 83

   28 CompSt: LC DefList StmtList RC .

    $default  reduce using rule 28 (CompSt)


State 84

   30 StmtList: Stmt StmtList .

    $default  reduce using rule 30 (StmtList)


State 85

   51 Exp: Exp PLUS . Exp

    INT    shift, and go to state 58
    FLOAT  shift, and go to state 59
    ID     shift, and go to state 60
    MINUS  shift, and go to state 61
    NOT    shift, and go to state 62
    LP     shift, and go to state 63

    Exp  go to state 107


State 86

   52 Exp: Exp MINUS . Exp

    INT    shift, and go to state 58
    FLOAT  shift, and go to state 59
    ID     shift, and go to state 60
    MINUS  shift, and go to state 61
    NOT    shift, and go to state 62
    LP     shift, and go to state 63

    Exp  go to state 108


State 87

   53 Exp: Exp STAR . Exp

    INT    shift, and go to state 58
    FLOAT  shift, and go to state 59
    ID     shift, and go to state 60
    MINUS  shift, and go to state 61
    NOT    shift, and go to state 62
    LP     shift, and go to state 63

    Exp  go to state 109


State 88

   54 Exp: Exp DIV . Exp

    INT    shift, and go to state 58
    FLOAT  shift, and go to state 59
    ID     shift, and go to state 60
    MINUS  shift, and go to state 61
    NOT    shift, and go to state 62
    LP     shift, and go to state 63

    Exp  go to state 110


State 89

   64 Exp: Exp DOT . ID

    ID  shift, and go to state 111


State 90

   32 Stmt: Exp SEMI .

    $default  reduce using rule 32 (Stmt)


State 91

   47 Exp: Exp ASSIGNOP . Exp

    INT    shift, and go to state 58
    FLOAT  shift, and go to state 59
    ID     shift, and go to state 60
    MINUS  shift, and go to state 61
    NOT    shift, and go to state 62
    LP     shift, and go to state 63

    Exp  go to state 112


State 92

   50 Exp: Exp RELOP . Exp

    INT    shift, and go to state 58
    FLOAT  shift, and go to state 59
    ID     shift, and go to state 60
    MINUS  shift, and go to state 61
    NOT    shift, and go to state 62
    LP     shift, and go to state 63

    Exp  go to state 113


State 93

   48 Exp: Exp AND . Exp

    INT    shift, and go to state 58
    FLOAT  shift, and go to state 59
    ID     shift, and go to state 60
    MINUS  shift, and go to state 61
    NOT    shift, and go to state 62
    LP     shift, and go to state 63

    Exp  go to state 114


State 94

   49 Exp: Exp OR . Exp

    INT    shift, and go to state 58
    FLOAT  shift, and go to state 59
    ID     shift, and go to state 60
    MINUS  shift, and go to state 61
    NOT    shift, and go to state 62
    LP     shift, and go to state 63

    Exp  go to state 115


State 95

   62 Exp: Exp LB . Exp RB
   63    | Exp LB . error RB

    error  shift, and go to state 116
    INT    shift, and go to state 58
    FLOAT  shift, and go to state 59
    ID     shift, and go to state 60
    MINUS  shift, and go to state 61
    NOT    shift, and go to state 62
    LP     shift, and go to state 63

    Exp  go to state 117


State 96

   46 Dec: VarDec ASSIGNOP Exp .
   47 Exp: Exp . ASSIGNOP Exp
   48    | Exp . AND Exp
   49    | Exp . OR Exp
   50    | Exp . RELOP Exp
   51    | Exp . PLUS Exp
   52    | Exp . MINUS Exp
   53    | Exp . STAR Exp
   54    | Exp . DIV Exp
   62    | Exp . LB Exp RB
   63    | Exp . LB error RB
   64    | Exp . DOT ID

    PLUS      shift, and go to state 85
    MINUS     shift, and go to state 86
    STAR      shift, and go to state 87
    DIV       shift, and go to state 88
    DOT       shift, and go to state 89
    ASSIGNOP  shift, and go to state 91
    RELOP     shift, and go to state 92
    AND       shift, and go to state 93
    OR        shift, and go to state 94
    LB        shift, and go to state 95

    $default  reduce using rule 46 (Dec)


State 97

   44 DecList: Dec COMMA DecList .

    $default  reduce using rule 44 (DecList)


State 98

   60 Exp: ID LP error . RP

    RP  shift, and go to state 118


State 99

   61 Exp: ID LP RP .

    $default  reduce using rule 61 (Exp)


State 100

   47 Exp: Exp . ASSIGNOP Exp
   48    | Exp . AND Exp
   49    | Exp . OR Exp
   50    | Exp . RELOP Exp
   51    | Exp . PLUS Exp
   52    | Exp . MINUS Exp
   53    | Exp . STAR Exp
   54    | Exp . DIV Exp
   62    | Exp . LB Exp RB
   63    | Exp . LB error RB
   64    | Exp . DOT ID
   68 Args: Exp . COMMA Args
   69     | Exp .

    PLUS      shift, and go to state 85
    MINUS     shift, and go to state 86
    STAR      shift, and go to state 87
    DIV       shift, and go to state 88
    DOT       shift, and go to state 89
    COMMA     shift, and go to state 119
    ASSIGNOP  shift, and go to state 91
    RELOP     shift, and go to state 92
    AND       shift, and go to state 93
    OR        shift, and go to state 94
    LB        shift, and go to state 95

    $default  reduce using rule 69 (Args)


State 101

   59 Exp: ID LP Args . RP

    RP  shift, and go to state 120


State 102

   56 Exp: LP error RP .

    $default  reduce using rule 56 (Exp)


State 103

   55 Exp: LP Exp RP .

    $default  reduce using rule 55 (Exp)


State 104

   35 Stmt: IF LP Exp . RP Stmt
   36     | IF LP Exp . RP Stmt ELSE Stmt
   37     | IF LP Exp . RP error ELSE Stmt
   47 Exp: Exp . ASSIGNOP Exp
   48    | Exp . AND Exp
   49    | Exp . OR Exp
   50    | Exp . RELOP Exp
   51    | Exp . PLUS Exp
   52    | Exp . MINUS Exp
   53    | Exp . STAR Exp
   54    | Exp . DIV Exp
   62    | Exp . LB Exp RB
   63    | Exp . LB error RB
   64    | Exp . DOT ID

    PLUS      shift, and go to state 85
    MINUS     shift, and go to state 86
    STAR      shift, and go to state 87
    DIV       shift, and go to state 88
    DOT       shift, and go to state 89
    ASSIGNOP  shift, and go to state 91
    RELOP     shift, and go to state 92
    AND       shift, and go to state 93
    OR        shift, and go to state 94
    RP        shift, and go to state 121
    LB        shift, and go to state 95


State 105

   38 Stmt: WHILE LP Exp . RP Stmt
   47 Exp: Exp . ASSIGNOP Exp
   48    | Exp . AND Exp
   49    | Exp . OR Exp
   50    | Exp . RELOP Exp
   51    | Exp . PLUS Exp
   52    | Exp . MINUS Exp
   53    | Exp . STAR Exp
   54    | Exp . DIV Exp
   62    | Exp . LB Exp RB
   63    | Exp . LB error RB
   64    | Exp . DOT ID

    PLUS      shift, and go to state 85
    MINUS     shift, and go to state 86
    STAR      shift, and go to state 87
    DIV       shift, and go to state 88
    DOT       shift, and go to state 89
    ASSIGNOP  shift, and go to state 91
    RELOP     shift, and go to state 92
    AND       shift, and go to state 93
    OR        shift, and go to state 94
    RP        shift, and go to state 122
    LB        shift, and go to state 95


State 106

   34 Stmt: RETURN Exp SEMI .

    $default  reduce using rule 34 (Stmt)


State 107

   47 Exp: Exp . ASSIGNOP Exp
   48    | Exp . AND Exp
   49    | Exp . OR Exp
   50    | Exp . RELOP Exp
   51    | Exp . PLUS Exp
   51    | Exp PLUS Exp .
   52    | Exp . MINUS Exp
   53    | Exp . STAR Exp
   54    | Exp . DIV Exp
   62    | Exp . LB Exp RB
   63    | Exp . LB error RB
   64    | Exp . DOT ID

    STAR  shift, and go to state 87
    DIV   shift, and go to state 88
    DOT   shift, and go to state 89
    LB    shift, and go to state 95

    $default  reduce using rule 51 (Exp)


State 108

   47 Exp: Exp . ASSIGNOP Exp
   48    | Exp . AND Exp
   49    | Exp . OR Exp
   50    | Exp . RELOP Exp
   51    | Exp . PLUS Exp
   52    | Exp . MINUS Exp
   52    | Exp MINUS Exp .
   53    | Exp . STAR Exp
   54    | Exp . DIV Exp
   62    | Exp . LB Exp RB
   63    | Exp . LB error RB
   64    | Exp . DOT ID

    STAR  shift, and go to state 87
    DIV   shift, and go to state 88
    DOT   shift, and go to state 89
    LB    shift, and go to state 95

    $default  reduce using rule 52 (Exp)


State 109

   47 Exp: Exp . ASSIGNOP Exp
   48    | Exp . AND Exp
   49    | Exp . OR Exp
   50    | Exp . RELOP Exp
   51    | Exp . PLUS Exp
   52    | Exp . MINUS Exp
   53    | Exp . STAR Exp
   53    | Exp STAR Exp .
   54    | Exp . DIV Exp
   62    | Exp . LB Exp RB
   63    | Exp . LB error RB
   64    | Exp . DOT ID

    DOT  shift, and go to state 89
    LB   shift, and go to state 95

    $default  reduce using rule 53 (Exp)


State 110

   47 Exp: Exp . ASSIGNOP Exp
   48    | Exp . AND Exp
   49    | Exp . OR Exp
   50    | Exp . RELOP Exp
   51    | Exp . PLUS Exp
   52    | Exp . MINUS Exp
   53    | Exp . STAR Exp
   54    | Exp . DIV Exp
   54    | Exp DIV Exp .
   62    | Exp . LB Exp RB
   63    | Exp . LB error RB
   64    | Exp . DOT ID

    DOT  shift, and go to state 89
    LB   shift, and go to state 95

    $default  reduce using rule 54 (Exp)


State 111

   64 Exp: Exp DOT ID .

    $default  reduce using rule 64 (Exp)


State 112

   47 Exp: Exp . ASSIGNOP Exp
   47    | Exp ASSIGNOP Exp .
   48    | Exp . AND Exp
   49    | Exp . OR Exp
   50    | Exp . RELOP Exp
   51    | Exp . PLUS Exp
   52    | Exp . MINUS Exp
   53    | Exp . STAR Exp
   54    | Exp . DIV Exp
   62    | Exp . LB Exp RB
   63    | Exp . LB error RB
   64    | Exp . DOT ID

    PLUS      shift, and go to state 85
    MINUS     shift, and go to state 86
    STAR      shift, and go to state 87
    DIV       shift, and go to state 88
    DOT       shift, and go to state 89
    ASSIGNOP  shift, and go to state 91
    RELOP     shift, and go to state 92
    AND       shift, and go to state 93
    OR        shift, and go to state 94
    LB        shift, and go to state 95

    $default  reduce using rule 47 (Exp)


State 113

   47 Exp: Exp . ASSIGNOP Exp
   48    | Exp . AND Exp
   49    | Exp . OR Exp
   50    | Exp . RELOP Exp
   50    | Exp RELOP Exp .
   51    | Exp . PLUS Exp
   52    | Exp . MINUS Exp
   53    | Exp . STAR Exp
   54    | Exp . DIV Exp
   62    | Exp . LB Exp RB
   63    | Exp . LB error RB
   64    | Exp . DOT ID

    PLUS   shift, and go to state 85
    MINUS  shift, and go to state 86
    STAR   shift, and go to state 87
    DIV    shift, and go to state 88
    DOT    shift, and go to state 89
    LB     shift, and go to state 95

    $default  reduce using rule 50 (Exp)


State 114

   47 Exp: Exp . ASSIGNOP Exp
   48    | Exp . AND Exp
   48    | Exp AND Exp .
   49    | Exp . OR Exp
   50    | Exp . RELOP Exp
   51    | Exp . PLUS Exp
   52    | Exp . MINUS Exp
   53    | Exp . STAR Exp
   54    | Exp . DIV Exp
   62    | Exp . LB Exp RB
   63    | Exp . LB error RB
   64    | Exp . DOT ID

    PLUS   shift, and go to state 85
    MINUS  shift, and go to state 86
    STAR   shift, and go to state 87
    DIV    shift, and go to state 88
    DOT    shift, and go to state 89
    RELOP  shift, and go to state 92
    LB     shift, and go to state 95

    $default  reduce using rule 48 (Exp)


State 115

   47 Exp: Exp . ASSIGNOP Exp
   48    | Exp . AND Exp
   49    | Exp . OR Exp
   49    | Exp OR Exp .
   50    | Exp . RELOP Exp
   51    | Exp . PLUS Exp
   52    | Exp . MINUS Exp
   53    | Exp . STAR Exp
   54    | Exp . DIV Exp
   62    | Exp . LB Exp RB
   63    | Exp . LB error RB
   64    | Exp . DOT ID

    PLUS   shift, and go to state 85
    MINUS  shift, and go to state 86
    STAR   shift, and go to state 87
    DIV    shift, and go to state 88
    DOT    shift, and go to state 89
    RELOP  shift, and go to state 92
    AND    shift, and go to state 93
    LB     shift, and go to state 95

    $default  reduce using rule 49 (Exp)


State 116

   63 Exp: Exp LB error . RB

    RB  shift, and go to state 123


State 117

   47 Exp: Exp . ASSIGNOP Exp
   48    | Exp . AND Exp
   49    | Exp . OR Exp
   50    | Exp . RELOP Exp
   51    | Exp . PLUS Exp
   52    | Exp . MINUS Exp
   53    | Exp . STAR Exp
   54    | Exp . DIV Exp
   62    | Exp . LB Exp RB
   62    | Exp LB Exp . RB
   63    | Exp . LB error RB
   64    | Exp . DOT ID

    PLUS      shift, and go to state 85
    MINUS     shift, and go to state 86
    STAR      shift, and go to state 87
    DIV       shift, and go to state 88
    DOT       shift, and go to state 89
    ASSIGNOP  shift, and go to state 91
    RELOP     shift, and go to state 92
    AND       shift, and go to state 93
    OR        shift, and go to state 94
    LB        shift, and go to state 95
    RB        shift, and go to state 124


State 118

   60 Exp: ID LP error RP .

    $default  reduce using rule 60 (Exp)


State 119

   68 Args: Exp COMMA . Args

    INT    shift, and go to state 58
    FLOAT  shift, and go to state 59
    ID     shift, and go to state 60
    MINUS  shift, and go to state 61
    NOT    shift, and go to state 62
    LP     shift, and go to state 63

    Exp   go to state 100
    Args  go to state 125


State 120

   59 Exp: ID LP Args RP .

    $default  reduce using rule 59 (Exp)


State 121

   35 Stmt: IF LP Exp RP . Stmt
   36     | IF LP Exp RP . Stmt ELSE Stmt
   37     | IF LP Exp RP . error ELSE Stmt

    error   shift, and go to state 126
    INT     shift, and go to state 58
    FLOAT   shift, and go to state 59
    ID      shift, and go to state 60
    MINUS   shift, and go to state 61
    NOT     shift, and go to state 62
    LP      shift, and go to state 63
    LC      shift, and go to state 27
    IF      shift, and go to state 64
    WHILE   shift, and go to state 65
    RETURN  shift, and go to state 66

    CompSt  go to state 67
    Stmt    go to state 127
    Exp     go to state 70


State 122

   38 Stmt: WHILE LP Exp RP . Stmt

    INT     shift, and go to state 58
    FLOAT   shift, and go to state 59
    ID      shift, and go to state 60
    MINUS   shift, and go to state 61
    NOT     shift, and go to state 62
    LP      shift, and go to state 63
    LC      shift, and go to state 27
    IF      shift, and go to state 64
    WHILE   shift, and go to state 65
    RETURN  shift, and go to state 66

    CompSt  go to state 67
    Stmt    go to state 128
    Exp     go to state 70


State 123

   63 Exp: Exp LB error RB .

    $default  reduce using rule 63 (Exp)


State 124

   62 Exp: Exp LB Exp RB .

    $default  reduce using rule 62 (Exp)


State 125

   68 Args: Exp COMMA Args .

    $default  reduce using rule 68 (Args)


State 126

   37 Stmt: IF LP Exp RP error . ELSE Stmt

    ELSE  shift, and go to state 129


State 127

   35 Stmt: IF LP Exp RP Stmt .
   36     | IF LP Exp RP Stmt . ELSE Stmt

    ELSE  shift, and go to state 130

    $default  reduce using rule 35 (Stmt)


State 128

   38 Stmt: WHILE LP Exp RP Stmt .

    $default  reduce using rule 38 (Stmt)


State 129

   37 Stmt: IF LP Exp RP error ELSE . Stmt

    INT     shift, and go to state 58
    FLOAT   shift, and go to state 59
    ID      shift, and go to state 60
    MINUS   shift, and go to state 61
    NOT     shift, and go to state 62
    LP      shift, and go to state 63
    LC      shift, and go to state 27
    IF      shift, and go to state 64
    WHILE   shift, and go to state 65
    RETURN  shift, and go to state 66

    CompSt  go to state 67
    Stmt    go to state 131
    Exp     go to state 70


State 130

   36 Stmt: IF LP Exp RP Stmt ELSE . Stmt

    INT     shift, and go to state 58
    FLOAT   shift, and go to state 59
    ID      shift, and go to state 60
    MINUS   shift, and go to state 61
    NOT     shift, and go to state 62
    LP      shift, and go to state 63
    LC      shift, and go to state 27
    IF      shift, and go to state 64
    WHILE   shift, and go to state 65
    RETURN  shift, and go to state 66

    CompSt  go to state 67
    Stmt    go to state 132
    Exp     go to state 70


State 131

   37 Stmt: IF LP Exp RP error ELSE Stmt .

    $default  reduce using rule 37 (Stmt)


State 132

   36 Stmt: IF LP Exp RP Stmt ELSE Stmt .

    $default  reduce using rule 36 (Stmt)
